#
# There is insufficient memory for the Java Runtime Environment to continue.
# Native memory allocation (mmap) failed to map 1048576 bytes for G1 virtual space
# Possible reasons:
#   The system is out of physical RAM or swap space
#   The process is running with CompressedOops enabled, and the Java Heap may be blocking the growth of the native heap
# Possible solutions:
#   Reduce memory load on the system
#   Increase physical memory or swap space
#   Check if swap backing store is full
#   Decrease Java heap size (-Xmx/-Xms)
#   Decrease number of Java threads
#   Decrease Java thread stack sizes (-Xss)
#   Set larger code cache with -XX:ReservedCodeCacheSize=
#   JVM is running with Unscaled Compressed Oops mode in which the Java heap is
#     placed in the first 4GB address space. The Java Heap base address is the
#     maximum limit for the native heap growth. Please use -XX:HeapBaseMinAddress
#     to set the Java Heap base and to place the Java Heap above 4GB virtual address.
# This output file may be truncated or incomplete.
#
#  Out of Memory Error (os_windows.cpp:3600), pid=3936, tid=10716
#
# JRE version: Java(TM) SE Runtime Environment (21.0.2+13) (build 21.0.2+13-LTS-58)
# Java VM: Java HotSpot(TM) 64-Bit Server VM (21.0.2+13-LTS-58, mixed mode, emulated-client, sharing, tiered, compressed oops, compressed class ptrs, g1 gc, windows-amd64)
# No core dump will be written. Minidumps are not enabled by default on client versions of Windows
#

---------------  S U M M A R Y ------------

Command Line: -Djava.awt.headless=false -Djava.library.path=D:\webjava\opencv\build\java\x64 -XX:TieredStopAtLevel=1 -Dspring.output.ansi.enabled=always -Dcom.sun.management.jmxremote -Dspring.jmx.enabled=true -Dspring.liveBeansView.mbeanDomain -Dspring.application.admin.enabled=true -Dmanagement.endpoints.jmx.exposure.include=* -javaagent:C:\Program Files\JetBrains\IntelliJ IDEA 2024.2.1\lib\idea_rt.jar=56997:C:\Program Files\JetBrains\IntelliJ IDEA 2024.2.1\bin -Dfile.encoding=UTF-8 -Dsun.stdout.encoding=UTF-8 -Dsun.stderr.encoding=UTF-8 com.client.liveowl.LiveowlApplication

Host: 12th Gen Intel(R) Core(TM) i7-12700H, 20 cores, 7G,  Windows 11 , 64 bit Build 22621 (10.0.22621.4391)
Time: Wed Jan  1 22:05:23 2025 SE Asia Standard Time elapsed time: 58.930943 seconds (0d 0h 0m 58s)

---------------  T H R E A D  ---------------

Current thread (0x000001c77d7bc8d0):  WorkerThread "GC Thread#7"    [id=10716, stack(0x000000c261c00000,0x000000c261d00000) (1024K)]

Stack: [0x000000c261c00000,0x000000c261d00000]
Native frames: (J=compiled Java code, j=interpreted, Vv=VM code, C=native code)
V  [jvm.dll+0x6cade9]
V  [jvm.dll+0x8569c1]
V  [jvm.dll+0x858d2e]
V  [jvm.dll+0x859413]
V  [jvm.dll+0x280e56]
V  [jvm.dll+0x6c74d5]
V  [jvm.dll+0x6bbeca]
V  [jvm.dll+0x355bca]
V  [jvm.dll+0x35d816]
V  [jvm.dll+0x3ae37b]
V  [jvm.dll+0x3aea14]
V  [jvm.dll+0x3aeadd]
V  [jvm.dll+0x32ac2c]
V  [jvm.dll+0x32a985]
V  [jvm.dll+0x31b466]
V  [jvm.dll+0x31c28a]
V  [jvm.dll+0x31c708]
V  [jvm.dll+0x31c0ee]
V  [jvm.dll+0x357a36]
V  [jvm.dll+0x357da3]
V  [jvm.dll+0x358efa]
V  [jvm.dll+0x358b74]
V  [jvm.dll+0x36cea9]
V  [jvm.dll+0x36d57a]
V  [jvm.dll+0x36d677]
V  [jvm.dll+0x36e55b]
V  [jvm.dll+0x883eb7]
V  [jvm.dll+0x7ff568]
V  [jvm.dll+0x6c953d]
C  [ucrtbase.dll+0x29333]
C  [KERNEL32.DLL+0x1259d]
C  [ntdll.dll+0x5af38]


---------------  P R O C E S S  ---------------

Threads class SMR info:
_java_thread_list=0x000001c77e0612b0, length=25, elements={
0x000001c727a1b5d0, 0x000001c73b30b740, 0x000001c73b30c460, 0x000001c73b30d2b0,
0x000001c73b30efb0, 0x000001c73b30fb40, 0x000001c73b312cf0, 0x000001c73b316d80,
0x000001c73b515f60, 0x000001c77d116450, 0x000001c77d1204e0, 0x000001c77d3b8eb0,
0x000001c77e029520, 0x000001c77e11cdb0, 0x000001c77e111e60, 0x000001c77e113e90,
0x000001c77e2aa000, 0x000001c77e636870, 0x000001c77e636f00, 0x000001c77e6361e0,
0x000001c77e637590, 0x000001c77e635b50, 0x000001c73b5210c0, 0x000001c73b49da80,
0x000001c77e6354c0
}

Java Threads: ( => current thread )
  0x000001c727a1b5d0 JavaThread "main"                              [_thread_blocked, id=22700, stack(0x000000c260100000,0x000000c260200000) (1024K)]
  0x000001c73b30b740 JavaThread "Reference Handler"          daemon [_thread_blocked, id=14584, stack(0x000000c260900000,0x000000c260a00000) (1024K)]
  0x000001c73b30c460 JavaThread "Finalizer"                  daemon [_thread_blocked, id=20920, stack(0x000000c260a00000,0x000000c260b00000) (1024K)]
  0x000001c73b30d2b0 JavaThread "Signal Dispatcher"          daemon [_thread_blocked, id=3376, stack(0x000000c260b00000,0x000000c260c00000) (1024K)]
  0x000001c73b30efb0 JavaThread "Attach Listener"            daemon [_thread_blocked, id=17328, stack(0x000000c260c00000,0x000000c260d00000) (1024K)]
  0x000001c73b30fb40 JavaThread "Service Thread"             daemon [_thread_blocked, id=4212, stack(0x000000c260d00000,0x000000c260e00000) (1024K)]
  0x000001c73b312cf0 JavaThread "Monitor Deflation Thread"   daemon [_thread_blocked, id=10160, stack(0x000000c260e00000,0x000000c260f00000) (1024K)]
  0x000001c73b316d80 JavaThread "C1 CompilerThread0"         daemon [_thread_blocked, id=25384, stack(0x000000c260f00000,0x000000c261000000) (1024K)]
  0x000001c73b515f60 JavaThread "Common-Cleaner"             daemon [_thread_blocked, id=19924, stack(0x000000c261000000,0x000000c261100000) (1024K)]
  0x000001c77d116450 JavaThread "Monitor Ctrl-Break"         daemon [_thread_in_native, id=9528, stack(0x000000c261300000,0x000000c261400000) (1024K)]
  0x000001c77d1204e0 JavaThread "Notification Thread"        daemon [_thread_blocked, id=18672, stack(0x000000c261400000,0x000000c261500000) (1024K)]
  0x000001c77d3b8eb0 JavaThread "RMI TCP Accept-0"           daemon [_thread_in_native, id=24296, stack(0x000000c261500000,0x000000c261600000) (1024K)]
  0x000001c77e029520 JavaThread "JavaFX-Launcher"                   [_thread_blocked, id=13320, stack(0x000000c262700000,0x000000c262800000) (1024K)]
  0x000001c77e11cdb0 JavaThread "RMI TCP Connection(idle)"   daemon [_thread_blocked, id=5296, stack(0x000000c262800000,0x000000c262900000) (1024K)]
  0x000001c77e111e60 JavaThread "RMI Scheduler(0)"           daemon [_thread_blocked, id=24620, stack(0x000000c262900000,0x000000c262a00000) (1024K)]
  0x000001c77e113e90 JavaThread "RMI TCP Connection(idle)"   daemon [_thread_blocked, id=24464, stack(0x000000c262a00000,0x000000c262b00000) (1024K)]
  0x000001c77e2aa000 JavaThread "QuantumRenderer-0"          daemon [_thread_blocked, id=13856, stack(0x000000c262c00000,0x000000c262d00000) (1024K)]
  0x000001c77e636870 JavaThread "InvokeLaterDispatcher"      daemon [_thread_blocked, id=10340, stack(0x000000c263100000,0x000000c263200000) (1024K)]
  0x000001c77e636f00 JavaThread "JavaFX Application Thread"         [_thread_in_native, id=16588, stack(0x000000c263200000,0x000000c263300000) (1024K)]
  0x000001c77e6361e0 JavaThread "Thread-3"                   daemon [_thread_blocked, id=2944, stack(0x000000c263400000,0x000000c263500000) (1024K)]
  0x000001c77e637590 JavaThread "Prism Font Disposer"        daemon [_thread_blocked, id=1816, stack(0x000000c263800000,0x000000c263900000) (1024K)]
  0x000001c77e635b50 JavaThread "Cleaner-0"                  daemon [_thread_blocked, id=16164, stack(0x000000c263900000,0x000000c263a00000) (1024K)]
  0x000001c73b5210c0 JavaThread "C1 CompilerThread1"         daemon [_thread_blocked, id=24384, stack(0x000000c261100000,0x000000c261200000) (1024K)]
  0x000001c73b49da80 JavaThread "C1 CompilerThread2"         daemon [_thread_blocked, id=23796, stack(0x000000c261200000,0x000000c261300000) (1024K)]
  0x000001c77e6354c0 JavaThread "Thread-4"                          [_thread_blocked, id=3292, stack(0x000000c262b00000,0x000000c262c00000) (1024K)]
Total: 25

Other Threads:
  0x000001c73b2e8b00 VMThread "VM Thread"                           [id=16900, stack(0x000000c260800000,0x000000c260900000) (1024K)]
  0x000001c73b2d2f30 WatcherThread "VM Periodic Task Thread"        [id=11756, stack(0x000000c260700000,0x000000c260800000) (1024K)]
  0x000001c729d0bac0 WorkerThread "GC Thread#0"                     [id=24960, stack(0x000000c260200000,0x000000c260300000) (1024K)]
  0x000001c77d49dd40 WorkerThread "GC Thread#1"                     [id=24840, stack(0x000000c261600000,0x000000c261700000) (1024K)]
  0x000001c77d7b99f0 WorkerThread "GC Thread#2"                     [id=20904, stack(0x000000c261700000,0x000000c261800000) (1024K)]
  0x000001c77d7b9d90 WorkerThread "GC Thread#3"                     [id=25144, stack(0x000000c261800000,0x000000c261900000) (1024K)]
  0x000001c77d7ba130 WorkerThread "GC Thread#4"                     [id=18552, stack(0x000000c261900000,0x000000c261a00000) (1024K)]
  0x000001c77d7ba4d0 WorkerThread "GC Thread#5"                     [id=22560, stack(0x000000c261a00000,0x000000c261b00000) (1024K)]
  0x000001c77d7bd3b0 WorkerThread "GC Thread#6"                     [id=21864, stack(0x000000c261b00000,0x000000c261c00000) (1024K)]
=>0x000001c77d7bc8d0 WorkerThread "GC Thread#7"                     [id=10716, stack(0x000000c261c00000,0x000000c261d00000) (1024K)]
  0x000001c77d7bd010 WorkerThread "GC Thread#8"                     [id=24024, stack(0x000000c261e00000,0x000000c261f00000) (1024K)]
  0x000001c77d7bdaf0 WorkerThread "GC Thread#9"                     [id=2736, stack(0x000000c261f00000,0x000000c262000000) (1024K)]
  0x000001c77d7be230 WorkerThread "GC Thread#10"                    [id=3864, stack(0x000000c262000000,0x000000c262100000) (1024K)]
  0x000001c77d7bcc70 WorkerThread "GC Thread#11"                    [id=25084, stack(0x000000c262100000,0x000000c262200000) (1024K)]
  0x000001c77db9a6e0 WorkerThread "GC Thread#12"                    [id=8816, stack(0x000000c262200000,0x000000c262300000) (1024K)]
  0x000001c77db9cb20 WorkerThread "GC Thread#13"                    [id=7608, stack(0x000000c261d00000,0x000000c261e00000) (1024K)]
  0x000001c77db99120 WorkerThread "GC Thread#14"                    [id=23912, stack(0x000000c262300000,0x000000c262400000) (1024K)]
  0x000001c729d1c350 ConcurrentGCThread "G1 Main Marker"            [id=17780, stack(0x000000c260300000,0x000000c260400000) (1024K)]
  0x000001c729d1ce50 WorkerThread "G1 Conc#0"                       [id=8480, stack(0x000000c260400000,0x000000c260500000) (1024K)]
  0x000001c77db9b1c0 WorkerThread "G1 Conc#1"                       [id=16368, stack(0x000000c262400000,0x000000c262500000) (1024K)]
  0x000001c77db9c040 WorkerThread "G1 Conc#2"                       [id=20584, stack(0x000000c262500000,0x000000c262600000) (1024K)]
  0x000001c77db9c3e0 WorkerThread "G1 Conc#3"                       [id=15856, stack(0x000000c262600000,0x000000c262700000) (1024K)]
  0x000001c73b1a3620 ConcurrentGCThread "G1 Refine#0"               [id=9776, stack(0x000000c260500000,0x000000c260600000) (1024K)]
  0x000001c73b1a40a0 ConcurrentGCThread "G1 Service"                [id=24072, stack(0x000000c260600000,0x000000c260700000) (1024K)]
Total: 24

Threads with active compile tasks:
Total: 0

VM state: at safepoint (normal execution)

VM Mutex/Monitor currently owned by a thread:  ([mutex/lock_event])
[0x00007ff9104ba7e8] FreeList_lock - owner thread: 0x000001c77d7bc8d0
[0x00007ff9104bcd68] Threads_lock - owner thread: 0x000001c73b2e8b00
[0x00007ff9104bce68] Heap_lock - owner thread: 0x000001c77e6354c0

Heap address: 0x0000000084800000, size: 1976 MB, Compressed Oops mode: 32-bit

CDS archive(s) mapped at: [0x000001c73c000000-0x000001c73cc90000-0x000001c73cc90000), size 13172736, SharedBaseAddress: 0x000001c73c000000, ArchiveRelocationMode: 1.
Compressed class space mapped at: 0x000001c73d000000-0x000001c77d000000, reserved size: 1073741824
Narrow klass base: 0x000001c73c000000, Narrow klass shift: 0, Narrow klass range: 0x100000000

GC Precious Log:
 CardTable entry size: 512
 Card Set container configuration: InlinePtr #cards 5 size 8 Array Of Cards #cards 12 size 40 Howl #buckets 4 coarsen threshold 1843 Howl Bitmap #cards 512 size 80 coarsen threshold 460 Card regions per heap region 1 cards per card region 2048
 CPUs: 20 total, 20 available
 Memory: 7896M
 Large Page Support: Disabled
 NUMA Support: Disabled
 Compressed Oops: Enabled (32-bit)
 Heap Region Size: 1M
 Heap Min Capacity: 8M
 Heap Initial Capacity: 124M
 Heap Max Capacity: 1976M
 Pre-touch: Disabled
 Parallel Workers: 15
 Concurrent Workers: 4
 Concurrent Refinement Workers: 15
 Periodic GC: Disabled

Heap:
 garbage-first heap   total 63488K, used 51546K [0x0000000084800000, 0x0000000100000000)
  region size 1024K, 29 young (29696K), 3 survivors (3072K)
 Metaspace       used 34311K, committed 34880K, reserved 1114112K
  class space    used 5012K, committed 5248K, reserved 1048576K

Heap Regions: E=young(eden), S=young(survivor), O=old, HS=humongous(starts), HC=humongous(continues), CS=collection set, F=free, TAMS=top-at-mark-start, PB=parsable bottom
|   0|0x0000000084800000, 0x0000000084900000, 0x0000000084900000|100%| O|  |TAMS 0x0000000084800000| PB 0x0000000084800000| Untracked 
|   1|0x0000000084900000, 0x0000000084a00000, 0x0000000084a00000|100%| O|  |TAMS 0x0000000084900000| PB 0x0000000084900000| Untracked 
|   2|0x0000000084a00000, 0x0000000084b00000, 0x0000000084b00000|100%| O|  |TAMS 0x0000000084a00000| PB 0x0000000084a00000| Untracked 
|   3|0x0000000084b00000, 0x0000000084c00000, 0x0000000084c00000|100%| O|  |TAMS 0x0000000084b00000| PB 0x0000000084b00000| Untracked 
|   4|0x0000000084c00000, 0x0000000084d00000, 0x0000000084d00000|100%| O|  |TAMS 0x0000000084c00000| PB 0x0000000084c00000| Untracked 
|   5|0x0000000084d00000, 0x0000000084e00000, 0x0000000084e00000|100%| O|  |TAMS 0x0000000084d00000| PB 0x0000000084d00000| Untracked 
|   6|0x0000000084e00000, 0x0000000084ea7ab8, 0x0000000084f00000| 65%| O|CS|TAMS 0x0000000084e00000| PB 0x0000000084e00000| Complete 
|   7|0x0000000084f00000, 0x0000000085000000, 0x0000000085000000|100%|HS|  |TAMS 0x0000000084f00000| PB 0x0000000084f00000| Complete 
|   8|0x0000000085000000, 0x0000000085100000, 0x0000000085100000|100%|HC|  |TAMS 0x0000000085000000| PB 0x0000000085000000| Complete 
|   9|0x0000000085100000, 0x0000000085200000, 0x0000000085200000|100%|HS|  |TAMS 0x0000000085100000| PB 0x0000000085100000| Complete 
|  10|0x0000000085200000, 0x0000000085300000, 0x0000000085300000|100%|HC|  |TAMS 0x0000000085200000| PB 0x0000000085200000| Complete 
|  11|0x0000000085300000, 0x0000000085400000, 0x0000000085400000|100%|HS|  |TAMS 0x0000000085300000| PB 0x0000000085300000| Complete 
|  12|0x0000000085400000, 0x0000000085500000, 0x0000000085500000|100%|HS|  |TAMS 0x0000000085400000| PB 0x0000000085400000| Complete 
|  13|0x0000000085500000, 0x0000000085600000, 0x0000000085600000|100%|HS|  |TAMS 0x0000000085500000| PB 0x0000000085500000| Complete 
|  14|0x0000000085600000, 0x0000000085700000, 0x0000000085700000|100%|HC|  |TAMS 0x0000000085600000| PB 0x0000000085600000| Complete 
|  15|0x0000000085700000, 0x0000000085800000, 0x0000000085800000|100%| O|  |TAMS 0x0000000085700000| PB 0x0000000085700000| Untracked 
|  16|0x0000000085800000, 0x0000000085900000, 0x0000000085900000|100%| O|  |TAMS 0x0000000085800000| PB 0x0000000085800000| Untracked 
|  17|0x0000000085900000, 0x0000000085a00000, 0x0000000085a00000|100%| O|  |TAMS 0x0000000085900000| PB 0x0000000085900000| Untracked 
|  18|0x0000000085a00000, 0x0000000085b00000, 0x0000000085b00000|100%| O|  |TAMS 0x0000000085a00000| PB 0x0000000085a00000| Untracked 
|  19|0x0000000085b00000, 0x0000000085c00000, 0x0000000085c00000|100%| O|  |TAMS 0x0000000085b00000| PB 0x0000000085b00000| Untracked 
|  20|0x0000000085c00000, 0x0000000085d00000, 0x0000000085d00000|100%| O|  |TAMS 0x0000000085c00000| PB 0x0000000085c00000| Untracked 
|  21|0x0000000085d00000, 0x0000000085e00000, 0x0000000085e00000|100%| S|  |TAMS 0x0000000085d00000| PB 0x0000000085d00000| Complete 
|  22|0x0000000085e00000, 0x0000000085f00000, 0x0000000085f00000|100%| S|  |TAMS 0x0000000085e00000| PB 0x0000000085e00000| Complete 
|  23|0x0000000085f00000, 0x0000000086000000, 0x0000000086000000|100%| S|  |TAMS 0x0000000085f00000| PB 0x0000000085f00000| Complete 
|  24|0x0000000086000000, 0x0000000086100000, 0x0000000086100000|100%| E|CS|TAMS 0x0000000086000000| PB 0x0000000086000000| Complete 
|  25|0x0000000086100000, 0x0000000086200000, 0x0000000086200000|100%| E|CS|TAMS 0x0000000086100000| PB 0x0000000086100000| Complete 
|  26|0x0000000086200000, 0x0000000086300000, 0x0000000086300000|100%| E|CS|TAMS 0x0000000086200000| PB 0x0000000086200000| Complete 
|  27|0x0000000086300000, 0x0000000086400000, 0x0000000086400000|100%| E|CS|TAMS 0x0000000086300000| PB 0x0000000086300000| Complete 
|  28|0x0000000086400000, 0x0000000086500000, 0x0000000086500000|100%| E|CS|TAMS 0x0000000086400000| PB 0x0000000086400000| Complete 
|  29|0x0000000086500000, 0x0000000086600000, 0x0000000086600000|100%| E|CS|TAMS 0x0000000086500000| PB 0x0000000086500000| Complete 
|  30|0x0000000086600000, 0x0000000086700000, 0x0000000086700000|100%| E|CS|TAMS 0x0000000086600000| PB 0x0000000086600000| Complete 
|  31|0x0000000086700000, 0x0000000086800000, 0x0000000086800000|100%| E|CS|TAMS 0x0000000086700000| PB 0x0000000086700000| Complete 
|  32|0x0000000086800000, 0x0000000086900000, 0x0000000086900000|100%| E|CS|TAMS 0x0000000086800000| PB 0x0000000086800000| Complete 
|  33|0x0000000086900000, 0x0000000086a00000, 0x0000000086a00000|100%| E|CS|TAMS 0x0000000086900000| PB 0x0000000086900000| Complete 
|  34|0x0000000086a00000, 0x0000000086b00000, 0x0000000086b00000|100%| E|CS|TAMS 0x0000000086a00000| PB 0x0000000086a00000| Complete 
|  35|0x0000000086b00000, 0x0000000086c00000, 0x0000000086c00000|100%| E|CS|TAMS 0x0000000086b00000| PB 0x0000000086b00000| Complete 
|  36|0x0000000086c00000, 0x0000000086d00000, 0x0000000086d00000|100%| E|CS|TAMS 0x0000000086c00000| PB 0x0000000086c00000| Complete 
|  37|0x0000000086d00000, 0x0000000086e00000, 0x0000000086e00000|100%| E|CS|TAMS 0x0000000086d00000| PB 0x0000000086d00000| Complete 
|  38|0x0000000086e00000, 0x0000000086f00000, 0x0000000086f00000|100%| E|CS|TAMS 0x0000000086e00000| PB 0x0000000086e00000| Complete 
|  39|0x0000000086f00000, 0x0000000087000000, 0x0000000087000000|100%| E|CS|TAMS 0x0000000086f00000| PB 0x0000000086f00000| Complete 
|  40|0x0000000087000000, 0x0000000087100000, 0x0000000087100000|100%| E|CS|TAMS 0x0000000087000000| PB 0x0000000087000000| Complete 
|  41|0x0000000087100000, 0x0000000087200000, 0x0000000087200000|100%| E|CS|TAMS 0x0000000087100000| PB 0x0000000087100000| Complete 
|  42|0x0000000087200000, 0x0000000087300000, 0x0000000087300000|100%| E|CS|TAMS 0x0000000087200000| PB 0x0000000087200000| Complete 
|  43|0x0000000087300000, 0x0000000087400000, 0x0000000087400000|100%| E|CS|TAMS 0x0000000087300000| PB 0x0000000087300000| Complete 
|  44|0x0000000087400000, 0x0000000087500000, 0x0000000087500000|100%| E|CS|TAMS 0x0000000087400000| PB 0x0000000087400000| Complete 
|  45|0x0000000087500000, 0x0000000087600000, 0x0000000087600000|100%| E|CS|TAMS 0x0000000087500000| PB 0x0000000087500000| Complete 
|  46|0x0000000087600000, 0x0000000087700000, 0x0000000087700000|100%| E|CS|TAMS 0x0000000087600000| PB 0x0000000087600000| Complete 
|  47|0x0000000087700000, 0x0000000087800000, 0x0000000087800000|100%| E|CS|TAMS 0x0000000087700000| PB 0x0000000087700000| Complete 
|  48|0x0000000087800000, 0x0000000087900000, 0x0000000087900000|100%| E|CS|TAMS 0x0000000087800000| PB 0x0000000087800000| Complete 
|  49|0x0000000087900000, 0x0000000087929208, 0x0000000087a00000| 16%| E|CS|TAMS 0x0000000087900000| PB 0x0000000087900000| Complete 
|  75|0x0000000089300000, 0x0000000089400000, 0x0000000089400000|100%| E|CS|TAMS 0x0000000089300000| PB 0x0000000089300000| Complete 
|  76|0x0000000089400000, 0x0000000089500000, 0x0000000089500000|100%| E|CS|TAMS 0x0000000089400000| PB 0x0000000089400000| Complete 
|  77|0x0000000089500000, 0x0000000089600000, 0x0000000089600000|100%| E|CS|TAMS 0x0000000089500000| PB 0x0000000089500000| Complete 
|  78|0x0000000089600000, 0x0000000089700000, 0x0000000089700000|100%| E|CS|TAMS 0x0000000089600000| PB 0x0000000089600000| Complete 
|  79|0x0000000089700000, 0x0000000089800000, 0x0000000089800000|100%| E|CS|TAMS 0x0000000089700000| PB 0x0000000089700000| Complete 
|  80|0x0000000089800000, 0x0000000089900000, 0x0000000089900000|100%| E|CS|TAMS 0x0000000089800000| PB 0x0000000089800000| Complete 
|  81|0x0000000089900000, 0x0000000089a00000, 0x0000000089a00000|100%| E|CS|TAMS 0x0000000089900000| PB 0x0000000089900000| Complete 
| 123|0x000000008c300000, 0x000000008c400000, 0x000000008c400000|100%| E|CS|TAMS 0x000000008c300000| PB 0x000000008c300000| Complete 
|1972|0x00000000ffc00000, 0x00000000ffca4e20, 0x00000000ffd00000| 64%| O|  |TAMS 0x00000000ffc00000| PB 0x00000000ffc00000| Untracked 
|1973|0x00000000ffd00000, 0x00000000ffe00000, 0x00000000ffe00000|100%| O|  |TAMS 0x00000000ffd00000| PB 0x00000000ffd00000| Untracked 
|1974|0x00000000ffe00000, 0x00000000fff00000, 0x00000000fff00000|100%| O|  |TAMS 0x00000000ffe00000| PB 0x00000000ffe00000| Untracked 
|1975|0x00000000fff00000, 0x0000000100000000, 0x0000000100000000|100%| O|  |TAMS 0x00000000fff00000| PB 0x00000000fff00000| Untracked 

Card table byte_map: [0x000001c735d80000,0x000001c736160000] _byte_map_base: 0x000001c73595c000

Marking Bits: (CMBitMap*) 0x000001c729d0c1c0
 Bits: [0x000001c736160000, 0x000001c738040000)

Polling page: 0x000001c727ca0000

Metaspace:

Usage:
  Non-class:     28.61 MB used.
      Class:      4.90 MB used.
       Both:     33.51 MB used.

Virtual space:
  Non-class space:       64.00 MB reserved,      28.94 MB ( 45%) committed,  1 nodes.
      Class space:        1.00 GB reserved,       5.12 MB ( <1%) committed,  1 nodes.
             Both:        1.06 GB reserved,      34.06 MB (  3%) committed. 

Chunk freelists:
   Non-Class:  2.78 MB
       Class:  10.70 MB
        Both:  13.48 MB

MaxMetaspaceSize: unlimited
CompressedClassSpaceSize: 1.00 GB
Initial GC threshold: 21.00 MB
Current GC threshold: 35.12 MB
CDS: on
 - commit_granule_bytes: 65536.
 - commit_granule_words: 8192.
 - virtual_space_node_default_size: 8388608.
 - enlarge_chunks_in_place: 1.
 - use_allocation_guard: 0.


Internal statistics:

num_allocs_failed_limit: 3.
num_arena_births: 786.
num_arena_deaths: 0.
num_vsnodes_births: 2.
num_vsnodes_deaths: 0.
num_space_committed: 545.
num_space_uncommitted: 0.
num_chunks_returned_to_freelist: 3.
num_chunks_taken_from_freelist: 1922.
num_chunk_merges: 3.
num_chunk_splits: 1345.
num_chunks_enlarged: 974.
num_inconsistent_stats: 0.

CodeCache: size=49152Kb used=10569Kb max_used=10569Kb free=38582Kb
 bounds [0x000001c732110000, 0x000001c732b70000, 0x000001c735110000]
 total_blobs=6018 nmethods=5094 adapters=846
 compilation: enabled
              stopped_count=0, restarted_count=0
 full_count=0

Compilation events (20 events):
Event: 58.917 Thread 0x000001c73b49da80 nmethod 5084 0x000001c732b5f110 code [0x000001c732b5f2e0, 0x000001c732b5f4d0]
Event: 58.917 Thread 0x000001c73b49da80 5087       1       com.sun.marlin.TransformingPathConsumer2D$PathClipFilter::dispose (8 bytes)
Event: 58.917 Thread 0x000001c73b5210c0 nmethod 5086 0x000001c732b5f610 code [0x000001c732b5f7a0, 0x000001c732b5f898]
Event: 58.917 Thread 0x000001c73b49da80 nmethod 5087 0x000001c732b5f910 code [0x000001c732b5fac0, 0x000001c732b5fbb0]
Event: 58.917 Thread 0x000001c73b316d80 5088       1       com.sun.marlin.Helpers$IndexStack::dispose (54 bytes)
Event: 58.917 Thread 0x000001c73b49da80 5090       1       com.sun.marlin.Renderer::produceAlphas (49 bytes)
Event: 58.917 Thread 0x000001c73b5210c0 5089       1       com.sun.marlin.MaskMarlinAlphaConsumer::setBoundsNoClone (80 bytes)
Event: 58.918 Thread 0x000001c73b49da80 nmethod 5090 0x000001c732b5fc90 code [0x000001c732b5fe40, 0x000001c732b60028]
Event: 58.918 Thread 0x000001c73b316d80 nmethod 5088 0x000001c732b60190 code [0x000001c732b60340, 0x000001c732b60498]
Event: 58.918 Thread 0x000001c73b49da80 5091       1       com.sun.marlin.MaskMarlinAlphaConsumer::setMaxAlpha (19 bytes)
Event: 58.918 Thread 0x000001c73b5210c0 nmethod 5089 0x000001c732b60590 code [0x000001c732b60720, 0x000001c732b608a0]
Event: 58.918 Thread 0x000001c73b316d80 5092       1       com.sun.prism.impl.BaseGraphics::fill (137 bytes)
Event: 58.918 Thread 0x000001c73b49da80 nmethod 5091 0x000001c732b60990 code [0x000001c732b60b20, 0x000001c732b60c50]
Event: 58.918 Thread 0x000001c73b316d80 nmethod 5092 0x000001c732b60d10 code [0x000001c732b60ec0, 0x000001c732b61140]
Event: 58.919 Thread 0x000001c73b49da80 5093       1       com.sun.javafx.geom.Rectangle::<init> (26 bytes)
Event: 58.919 Thread 0x000001c73b49da80 nmethod 5093 0x000001c732b61290 code [0x000001c732b61420, 0x000001c732b614f8]
Event: 58.921 Thread 0x000001c73b49da80 5095   !   1       java.io.BufferedReader::readLine (72 bytes)
Event: 58.921 Thread 0x000001c73b5210c0 5094       1       java.io.BufferedReader::readLine (7 bytes)
Event: 58.921 Thread 0x000001c73b5210c0 nmethod 5094 0x000001c732b61590 code [0x000001c732b61740, 0x000001c732b61838]
Event: 58.921 Thread 0x000001c73b49da80 nmethod 5095 0x000001c732b61910 code [0x000001c732b61b40, 0x000001c732b62078]

GC Heap History (9 events):
Event: 0.479 GC heap before
{Heap before GC invocations=0 (full 0):
 garbage-first heap   total 126976K, used 22528K [0x0000000084800000, 0x0000000100000000)
  region size 1024K, 23 young (23552K), 0 survivors (0K)
 Metaspace       used 7822K, committed 8064K, reserved 1114112K
  class space    used 966K, committed 1088K, reserved 1048576K
}
Event: 0.486 GC heap after
{Heap after GC invocations=1 (full 0):
 garbage-first heap   total 126976K, used 6624K [0x0000000084800000, 0x0000000100000000)
  region size 1024K, 3 young (3072K), 3 survivors (3072K)
 Metaspace       used 7822K, committed 8064K, reserved 1114112K
  class space    used 966K, committed 1088K, reserved 1048576K
}
Event: 0.717 GC heap before
{Heap before GC invocations=1 (full 0):
 garbage-first heap   total 126976K, used 34272K [0x0000000084800000, 0x0000000100000000)
  region size 1024K, 31 young (31744K), 3 survivors (3072K)
 Metaspace       used 14367K, committed 14656K, reserved 1114112K
  class space    used 1841K, committed 1984K, reserved 1048576K
}
Event: 0.724 GC heap after
{Heap after GC invocations=2 (full 0):
 garbage-first heap   total 126976K, used 9874K [0x0000000084800000, 0x0000000100000000)
  region size 1024K, 3 young (3072K), 3 survivors (3072K)
 Metaspace       used 14367K, committed 14656K, reserved 1114112K
  class space    used 1841K, committed 1984K, reserved 1048576K
}
Event: 1.032 GC heap before
{Heap before GC invocations=2 (full 0):
 garbage-first heap   total 126976K, used 48786K [0x0000000084800000, 0x0000000100000000)
  region size 1024K, 42 young (43008K), 3 survivors (3072K)
 Metaspace       used 21130K, committed 21504K, reserved 1114112K
  class space    used 2837K, committed 3008K, reserved 1048576K
}
Event: 1.037 GC heap after
{Heap after GC invocations=3 (full 0):
 garbage-first heap   total 126976K, used 13284K [0x0000000084800000, 0x0000000100000000)
  region size 1024K, 7 young (7168K), 7 survivors (7168K)
 Metaspace       used 21130K, committed 21504K, reserved 1114112K
  class space    used 2837K, committed 3008K, reserved 1048576K
}
Event: 1.586 GC heap before
{Heap before GC invocations=4 (full 0):
 garbage-first heap   total 51200K, used 49124K [0x0000000084800000, 0x0000000100000000)
  region size 1024K, 39 young (39936K), 7 survivors (7168K)
 Metaspace       used 28482K, committed 29120K, reserved 1114112K
  class space    used 3881K, committed 4160K, reserved 1048576K
}
Event: 1.592 GC heap after
{Heap after GC invocations=5 (full 0):
 garbage-first heap   total 62464K, used 20826K [0x0000000084800000, 0x0000000100000000)
  region size 1024K, 8 young (8192K), 8 survivors (8192K)
 Metaspace       used 28482K, committed 29120K, reserved 1114112K
  class space    used 3881K, committed 4160K, reserved 1048576K
}
Event: 58.922 GC heap before
{Heap before GC invocations=5 (full 0):
 garbage-first heap   total 62464K, used 51546K [0x0000000084800000, 0x0000000100000000)
  region size 1024K, 34 young (34816K), 8 survivors (8192K)
 Metaspace       used 34311K, committed 34880K, reserved 1114112K
  class space    used 5012K, committed 5248K, reserved 1048576K
}

Dll operation events (20 events):
Event: 1.206 Loaded shared library C:\Users\ACER\.openjfx\cache\17.0.1\api-ms-win-crt-filesystem-l1-1-0.dll
Event: 1.209 Loaded shared library C:\Users\ACER\.openjfx\cache\17.0.1\api-ms-win-crt-heap-l1-1-0.dll
Event: 1.210 Loaded shared library C:\Users\ACER\.openjfx\cache\17.0.1\api-ms-win-crt-locale-l1-1-0.dll
Event: 1.212 Loaded shared library C:\Users\ACER\.openjfx\cache\17.0.1\api-ms-win-crt-math-l1-1-0.dll
Event: 1.214 Loaded shared library C:\Users\ACER\.openjfx\cache\17.0.1\api-ms-win-crt-multibyte-l1-1-0.dll
Event: 1.216 Loaded shared library C:\Users\ACER\.openjfx\cache\17.0.1\api-ms-win-crt-private-l1-1-0.dll
Event: 1.218 Loaded shared library C:\Users\ACER\.openjfx\cache\17.0.1\api-ms-win-crt-process-l1-1-0.dll
Event: 1.220 Loaded shared library C:\Users\ACER\.openjfx\cache\17.0.1\api-ms-win-crt-runtime-l1-1-0.dll
Event: 1.222 Loaded shared library C:\Users\ACER\.openjfx\cache\17.0.1\api-ms-win-crt-stdio-l1-1-0.dll
Event: 1.224 Loaded shared library C:\Users\ACER\.openjfx\cache\17.0.1\api-ms-win-crt-string-l1-1-0.dll
Event: 1.226 Loaded shared library C:\Users\ACER\.openjfx\cache\17.0.1\api-ms-win-crt-time-l1-1-0.dll
Event: 1.227 Loaded shared library C:\Users\ACER\.openjfx\cache\17.0.1\api-ms-win-crt-utility-l1-1-0.dll
Event: 1.240 Loaded shared library C:\Users\ACER\.openjfx\cache\17.0.1\ucrtbase.dll
Event: 1.244 Loaded shared library C:\Users\ACER\.openjfx\cache\17.0.1\vcruntime140.dll
Event: 1.246 Loaded shared library C:\Users\ACER\.openjfx\cache\17.0.1\vcruntime140_1.dll
Event: 1.254 Loaded shared library C:\Users\ACER\.openjfx\cache\17.0.1\msvcp140.dll
Event: 1.278 Loaded shared library C:\Users\ACER\.openjfx\cache\17.0.1\prism_d3d.dll
Event: 1.354 Loaded shared library C:\Users\ACER\.openjfx\cache\17.0.1\glass.dll
Event: 1.423 Loaded shared library D:\webjava\opencv\build\java\x64\opencv_java4100.dll
Event: 1.575 Loaded shared library C:\Users\ACER\.openjfx\cache\17.0.1\javafx_font.dll

Deoptimization events (6 events):
Event: 58.914 Thread 0x000001c77e636f00 DEOPT PACKING pc=0x000001c732a0b3bc sp=0x000000c2632fd5a0
Event: 58.914 Thread 0x000001c77e636f00 DEOPT UNPACKING pc=0x000001c732164e42 sp=0x000000c2632fca68 mode 0
Event: 58.914 Thread 0x000001c77e636f00 DEOPT PACKING pc=0x000001c732a6308c sp=0x000000c2632fd8b0
Event: 58.914 Thread 0x000001c77e636f00 DEOPT UNPACKING pc=0x000001c732164e42 sp=0x000000c2632fcd90 mode 0
Event: 58.914 Thread 0x000001c77e636f00 DEOPT PACKING pc=0x000001c732a6312c sp=0x000000c2632fde20
Event: 58.914 Thread 0x000001c77e636f00 DEOPT UNPACKING pc=0x000001c732164e42 sp=0x000000c2632fd300 mode 0

Classes loaded (20 events):
Event: 2.012 Loading class java/nio/HeapIntBuffer
Event: 2.012 Loading class java/nio/HeapIntBuffer done
Event: 2.031 Loading class java/util/EnumMap$Values
Event: 2.032 Loading class java/util/EnumMap$Values done
Event: 2.032 Loading class java/util/EnumMap$ValueIterator
Event: 2.032 Loading class java/util/EnumMap$ValueIterator done
Event: 2.078 Loading class java/nio/ShortBuffer
Event: 2.079 Loading class java/nio/ShortBuffer done
Event: 2.079 Loading class java/nio/DoubleBuffer
Event: 2.079 Loading class java/nio/DoubleBuffer done
Event: 2.079 Loading class java/nio/DirectFloatBufferU
Event: 2.080 Loading class java/nio/DirectFloatBufferU done
Event: 2.100 Loading class jdk/internal/ref/CleanerImpl$InnocuousThreadFactory
Event: 2.100 Loading class jdk/internal/ref/CleanerImpl$InnocuousThreadFactory done
Event: 2.104 Loading class sun/misc/Unsafe
Event: 2.105 Loading class sun/misc/Unsafe done
Event: 2.123 Loading class java/lang/FdLibm$Atan2
Event: 2.123 Loading class java/lang/FdLibm$Atan2 done
Event: 58.918 Loading class javax/net/ssl/HostnameVerifier
Event: 58.918 Loading class javax/net/ssl/HostnameVerifier done

Classes unloaded (0 events):
No events

Classes redefined (0 events):
No events

Internal exceptions (20 events):
Event: 1.177 Thread 0x000001c77e113e90 Exception <a 'java/lang/NoSuchMethodError'{0x0000000086518ee8}: 'java.lang.Object java.lang.invoke.Invokers$Holder.linkToTargetMethod(java.lang.Object, long, java.lang.Object)'> (0x0000000086518ee8) 
thrown [s\open\src\hotspot\share\interpreter\linkResolver.cpp, line 773]
Event: 1.177 Thread 0x000001c77e11cdb0 Exception <a 'java/lang/ClassNotFoundException'{0x00000000866f9f28}: javax/management/remote/rmi/RMIConnectionImpl_Skel> (0x00000000866f9f28) 
thrown [s\open\src\hotspot\share\classfile\systemDictionary.cpp, line 312]
Event: 1.183 Thread 0x000001c77e11cdb0 Exception <a 'java/lang/NoSuchMethodError'{0x00000000865670c0}: 'java.lang.Object java.lang.invoke.DirectMethodHandle$Holder.invokeInterface(java.lang.Object, java.lang.Object, java.lang.Object, java.lang.Object, java.lang.Object)'> (0x00000000865670c0) 
thrown [s\open\src\hotspot\share\interpreter\linkResolver.cpp, line 773]
Event: 1.186 Thread 0x000001c77e11cdb0 Exception <a 'java/lang/NoSuchMethodError'{0x00000000865cbc58}: 'void java.lang.invoke.DirectMethodHandle$Holder.invokeInterface(java.lang.Object, java.lang.Object)'> (0x00000000865cbc58) 
thrown [s\open\src\hotspot\share\interpreter\linkResolver.cpp, line 773]
Event: 1.193 Thread 0x000001c77e113e90 Exception <a 'java/lang/NoSuchMethodError'{0x0000000086415960}: 'java.lang.Object java.lang.invoke.DirectMethodHandle$Holder.invokeInterface(java.lang.Object, java.lang.Object, java.lang.Object, java.lang.Object, java.lang.Object, java.lang.Object, java.lang.Object)'> (0x0000000086415960) 
thrown [s\open\src\hotspot\share\interpreter\linkResolver.cpp, line 773]
Event: 1.356 Thread 0x000001c77e029520 Exception <a 'java/lang/NoSuchMethodError'{0x00000000860a05a0}: 'java.lang.Object java.lang.invoke.DirectMethodHandle$Holder.newInvokeSpecial(java.lang.Object, java.lang.Object, int, java.lang.Object)'> (0x00000000860a05a0) 
thrown [s\open\src\hotspot\share\interpreter\linkResolver.cpp, line 773]
Event: 1.356 Thread 0x000001c77e029520 Exception <a 'java/lang/NoSuchMethodError'{0x00000000860a3c50}: 'java.lang.Object java.lang.invoke.Invokers$Holder.linkToTargetMethod(java.lang.Object, int, java.lang.Object, java.lang.Object)'> (0x00000000860a3c50) 
thrown [s\open\src\hotspot\share\interpreter\linkResolver.cpp, line 773]
Event: 1.356 Thread 0x000001c77e029520 Exception <a 'java/lang/NoSuchMethodError'{0x00000000860a6fe0}: 'void java.lang.invoke.DirectMethodHandle$Holder.invokeSpecial(java.lang.Object, java.lang.Object, int, java.lang.Object)'> (0x00000000860a6fe0) 
thrown [s\open\src\hotspot\share\interpreter\linkResolver.cpp, line 773]
Event: 1.411 Thread 0x000001c77e636f00 Exception <a 'java/lang/NoSuchMethodError'{0x0000000085d06878}: 'void java.lang.invoke.DirectMethodHandle$Holder.invokeStaticInit(java.lang.Object)'> (0x0000000085d06878) 
thrown [s\open\src\hotspot\share\interpreter\linkResolver.cpp, line 773]
Event: 1.495 Thread 0x000001c77e636f00 Exception <a 'java/lang/NoSuchMethodError'{0x000000008580ea00}: 'java.lang.Object java.lang.invoke.DirectMethodHandle$Holder.invokeStaticInit(java.lang.Object, java.lang.Object, java.lang.Object, java.lang.Object)'> (0x000000008580ea00) 
thrown [s\open\src\hotspot\share\interpreter\linkResolver.cpp, line 773]
Event: 1.496 Thread 0x000001c77e636f00 Exception <a 'java/lang/NullPointerException'{0x00000000858185b8}> (0x00000000858185b8) 
thrown [s\open\src\hotspot\share\interpreter\linkResolver.cpp, line 1372]
Event: 1.539 Thread 0x000001c77e636f00 Exception <a 'java/lang/NoSuchMethodError'{0x0000000085696b38}: 'void java.lang.invoke.DirectMethodHandle$Holder.invokeSpecial(java.lang.Object, java.lang.Object, double)'> (0x0000000085696b38) 
thrown [s\open\src\hotspot\share\interpreter\linkResolver.cpp, line 773]
Event: 1.539 Thread 0x000001c77e636f00 Exception <a 'java/lang/NoSuchMethodError'{0x00000000856a1060}: 'double java.lang.invoke.DelegatingMethodHandle$Holder.reinvoke_L(java.lang.Object, java.lang.Object, int)'> (0x00000000856a1060) 
thrown [s\open\src\hotspot\share\interpreter\linkResolver.cpp, line 773]
Event: 1.540 Thread 0x000001c77e636f00 Exception <a 'java/lang/NoSuchMethodError'{0x00000000856aad38}: 'void java.lang.invoke.DelegatingMethodHandle$Holder.reinvoke_L(java.lang.Object, java.lang.Object, double)'> (0x00000000856aad38) 
thrown [s\open\src\hotspot\share\interpreter\linkResolver.cpp, line 773]
Event: 1.540 Thread 0x000001c77e636f00 Exception <a 'java/lang/NoSuchMethodError'{0x00000000856bd3a0}: 'void java.lang.invoke.DirectMethodHandle$Holder.invokeSpecial(java.lang.Object, java.lang.Object, int)'> (0x00000000856bd3a0) 
thrown [s\open\src\hotspot\share\interpreter\linkResolver.cpp, line 773]
Event: 1.749 Thread 0x000001c77e636f00 Exception <a 'java/lang/IncompatibleClassChangeError'{0x0000000086e82f40}: Found class java.lang.Object, but interface was expected> (0x0000000086e82f40) 
thrown [s\open\src\hotspot\share\interpreter\linkResolver.cpp, line 840]
Event: 1.855 Thread 0x000001c77e636f00 Exception <a 'java/lang/NoSuchMethodError'{0x0000000086712488}: 'java.lang.Object java.lang.invoke.DirectMethodHandle$Holder.newInvokeSpecial(java.lang.Object, java.lang.Object, int)'> (0x0000000086712488) 
thrown [s\open\src\hotspot\share\interpreter\linkResolver.cpp, line 773]
Event: 2.039 Thread 0x000001c77e636f00 Exception <a 'java/lang/NoSuchMethodError'{0x0000000086624ec8}: 'long java.lang.invoke.DirectMethodHandle$Holder.invokeStatic(java.lang.Object, java.lang.Object, java.lang.Object)'> (0x0000000086624ec8) 
thrown [s\open\src\hotspot\share\interpreter\linkResolver.cpp, line 773]
Event: 2.040 Thread 0x000001c77e636f00 Exception <a 'java/lang/NoSuchMethodError'{0x0000000086628298}: 'long java.lang.invoke.DirectMethodHandle$Holder.invokeStaticInit(java.lang.Object, java.lang.Object, java.lang.Object)'> (0x0000000086628298) 
thrown [s\open\src\hotspot\share\interpreter\linkResolver.cpp, line 773]
Event: 2.040 Thread 0x000001c77e636f00 Exception <a 'java/lang/NoSuchMethodError'{0x00000000866ade48}: 'java.lang.Object java.lang.invoke.DirectMethodHandle$Holder.newInvokeSpecial(java.lang.Object, java.lang.Object, long)'> (0x00000000866ade48) 
thrown [s\open\src\hotspot\share\interpreter\linkResolver.cpp, line 773]

ZGC Phase Switch (0 events):
No events

VM Operations (20 events):
Event: 8.017 Executing VM operation: Cleanup done
Event: 11.018 Executing VM operation: Cleanup
Event: 11.018 Executing VM operation: Cleanup done
Event: 51.341 Executing VM operation: Cleanup
Event: 51.342 Executing VM operation: Cleanup done
Event: 52.349 Executing VM operation: Cleanup
Event: 52.349 Executing VM operation: Cleanup done
Event: 53.361 Executing VM operation: Cleanup
Event: 53.361 Executing VM operation: Cleanup done
Event: 54.366 Executing VM operation: Cleanup
Event: 54.366 Executing VM operation: Cleanup done
Event: 55.369 Executing VM operation: Cleanup
Event: 55.369 Executing VM operation: Cleanup done
Event: 56.373 Executing VM operation: Cleanup
Event: 56.373 Executing VM operation: Cleanup done
Event: 58.373 Executing VM operation: Cleanup
Event: 58.373 Executing VM operation: Cleanup done
Event: 58.913 Executing VM operation: HandshakeAllThreads (Deoptimize)
Event: 58.913 Executing VM operation: HandshakeAllThreads (Deoptimize) done
Event: 58.922 Executing VM operation: G1CollectForAllocation (G1 Evacuation Pause)

Events (20 events):
Event: 1.163 Thread 0x000001c77e11cdb0 Thread added: 0x000001c77e11cdb0
Event: 1.172 Thread 0x000001c77e111e60 Thread added: 0x000001c77e111e60
Event: 1.176 Thread 0x000001c77e113e90 Thread added: 0x000001c77e113e90
Event: 1.187 Thread 0x000001c77e113e90 Thread exited: 0x000001c77e113e90
Event: 1.189 Thread 0x000001c77e113e90 Thread added: 0x000001c77e113e90
Event: 1.189 Thread 0x000001c77e1b5290 Thread added: 0x000001c77e1b5290
Event: 1.271 Thread 0x000001c77e2aa000 Thread added: 0x000001c77e2aa000
Event: 1.355 Thread 0x000001c77e636870 Thread added: 0x000001c77e636870
Event: 1.356 Thread 0x000001c77e636f00 Thread added: 0x000001c77e636f00
Event: 1.428 Thread 0x000001c77e6361e0 Thread added: 0x000001c77e6361e0
Event: 1.744 Thread 0x000001c77e637590 Thread added: 0x000001c77e637590
Event: 2.100 Thread 0x000001c77e635b50 Thread added: 0x000001c77e635b50
Event: 5.243 Thread 0x000001c77e1b5290 Thread exited: 0x000001c77e1b5290
Event: 6.566 Thread 0x000001c73b5210c0 Thread exited: 0x000001c73b5210c0
Event: 10.225 Thread 0x000001c73b51c5f0 Thread exited: 0x000001c73b51c5f0
Event: 51.501 Thread 0x000001c73b5210c0 Thread added: 0x000001c73b5210c0
Event: 51.501 Thread 0x000001c77f681c60 Thread added: 0x000001c77f681c60
Event: 52.524 Thread 0x000001c77f681c60 Thread exited: 0x000001c77f681c60
Event: 55.098 Thread 0x000001c73b49da80 Thread added: 0x000001c73b49da80
Event: 58.913 Thread 0x000001c77e6354c0 Thread added: 0x000001c77e6354c0


Dynamic libraries:
0x00007ff7ac1b0000 - 0x00007ff7ac1c0000 	C:\Program Files\Java\jdk-21\bin\java.exe
0x00007ff9e97b0000 - 0x00007ff9e99c7000 	C:\WINDOWS\SYSTEM32\ntdll.dll
0x00007ff9e83d0000 - 0x00007ff9e8494000 	C:\WINDOWS\System32\KERNEL32.DLL
0x00007ff9e6bd0000 - 0x00007ff9e6f8a000 	C:\WINDOWS\System32\KERNELBASE.dll
0x00007ff9e7040000 - 0x00007ff9e7151000 	C:\WINDOWS\System32\ucrtbase.dll
0x00007ff9deac0000 - 0x00007ff9deadb000 	C:\Program Files\Java\jdk-21\bin\VCRUNTIME140.dll
0x00007ff9da360000 - 0x00007ff9da379000 	C:\Program Files\Java\jdk-21\bin\jli.dll
0x00007ff9e9120000 - 0x00007ff9e91d2000 	C:\WINDOWS\System32\ADVAPI32.dll
0x00007ff9e7840000 - 0x00007ff9e78e7000 	C:\WINDOWS\System32\msvcrt.dll
0x00007ff9e7990000 - 0x00007ff9e7a37000 	C:\WINDOWS\System32\sechost.dll
0x00007ff9e6ba0000 - 0x00007ff9e6bc8000 	C:\WINDOWS\System32\bcrypt.dll
0x00007ff9e9000000 - 0x00007ff9e9114000 	C:\WINDOWS\System32\RPCRT4.dll
0x00007ff9e8d70000 - 0x00007ff9e8f1e000 	C:\WINDOWS\System32\USER32.dll
0x00007ff9d2080000 - 0x00007ff9d2312000 	C:\WINDOWS\WinSxS\amd64_microsoft.windows.common-controls_6595b64144ccf1df_6.0.22621.4541_none_2710d1c57384c085\COMCTL32.dll
0x00007ff9e6f90000 - 0x00007ff9e6fb6000 	C:\WINDOWS\System32\win32u.dll
0x00007ff9e84a0000 - 0x00007ff9e84c9000 	C:\WINDOWS\System32\GDI32.dll
0x00007ff9e6a80000 - 0x00007ff9e6b9b000 	C:\WINDOWS\System32\gdi32full.dll
0x00007ff9e71e0000 - 0x00007ff9e727a000 	C:\WINDOWS\System32\msvcp_win.dll
0x00007ff9dbda0000 - 0x00007ff9dbdaa000 	C:\WINDOWS\SYSTEM32\VERSION.dll
0x00007ff9e8390000 - 0x00007ff9e83c1000 	C:\WINDOWS\System32\IMM32.DLL
0x00007ff9ded60000 - 0x00007ff9ded6c000 	C:\Program Files\Java\jdk-21\bin\vcruntime140_1.dll
0x00007ff9d6b10000 - 0x00007ff9d6b9e000 	C:\Program Files\Java\jdk-21\bin\msvcp140.dll
0x00007ff90f880000 - 0x00007ff910597000 	C:\Program Files\Java\jdk-21\bin\server\jvm.dll
0x00007ff9e84e0000 - 0x00007ff9e8551000 	C:\WINDOWS\System32\WS2_32.dll
0x00007ff9e5910000 - 0x00007ff9e595d000 	C:\WINDOWS\SYSTEM32\POWRPROF.dll
0x00007ff9dd120000 - 0x00007ff9dd154000 	C:\WINDOWS\SYSTEM32\WINMM.dll
0x00007ff9e58f0000 - 0x00007ff9e5903000 	C:\WINDOWS\SYSTEM32\UMPDC.dll
0x00007ff9e5b10000 - 0x00007ff9e5b28000 	C:\WINDOWS\SYSTEM32\kernel.appcore.dll
0x00007ff9deb70000 - 0x00007ff9deb7a000 	C:\Program Files\Java\jdk-21\bin\jimage.dll
0x00007ff9e4090000 - 0x00007ff9e42c2000 	C:\WINDOWS\SYSTEM32\DBGHELP.DLL
0x00007ff9e93e0000 - 0x00007ff9e976f000 	C:\WINDOWS\System32\combase.dll
0x00007ff9e8f20000 - 0x00007ff9e8ff7000 	C:\WINDOWS\System32\OLEAUT32.dll
0x00007ff9c6e00000 - 0x00007ff9c6e32000 	C:\WINDOWS\SYSTEM32\dbgcore.DLL
0x00007ff9e6fc0000 - 0x00007ff9e703b000 	C:\WINDOWS\System32\bcryptPrimitives.dll
0x00007ff9dfb20000 - 0x00007ff9dfb2f000 	C:\Program Files\Java\jdk-21\bin\instrument.dll
0x00007ff9d6720000 - 0x00007ff9d673f000 	C:\Program Files\Java\jdk-21\bin\java.dll
0x00007ff9e7a40000 - 0x00007ff9e82b8000 	C:\WINDOWS\System32\SHELL32.dll
0x00007ff9e49d0000 - 0x00007ff9e52d8000 	C:\WINDOWS\SYSTEM32\windows.storage.dll
0x00007ff9e4890000 - 0x00007ff9e49cf000 	C:\WINDOWS\SYSTEM32\wintypes.dll
0x00007ff9e92e0000 - 0x00007ff9e93da000 	C:\WINDOWS\System32\SHCORE.dll
0x00007ff9e8310000 - 0x00007ff9e836e000 	C:\WINDOWS\System32\shlwapi.dll
0x00007ff9e69b0000 - 0x00007ff9e69db000 	C:\WINDOWS\SYSTEM32\profapi.dll
0x00007ff9d3f20000 - 0x00007ff9d3f38000 	C:\Program Files\Java\jdk-21\bin\zip.dll
0x00007ff9deab0000 - 0x00007ff9deac0000 	C:\Program Files\Java\jdk-21\bin\net.dll
0x00007ff9dc860000 - 0x00007ff9dc996000 	C:\WINDOWS\SYSTEM32\WINHTTP.dll
0x00007ff9e6030000 - 0x00007ff9e6099000 	C:\WINDOWS\system32\mswsock.dll
0x00007ff9d3f40000 - 0x00007ff9d3f56000 	C:\Program Files\Java\jdk-21\bin\nio.dll
0x00007ff9deb80000 - 0x00007ff9deb9a000 	C:\Program Files\JetBrains\IntelliJ IDEA 2024.2.1\bin\breakgen64.dll
0x00007ff9d3f10000 - 0x00007ff9d3f19000 	C:\Program Files\Java\jdk-21\bin\extnet.dll
0x00007ff9e5620000 - 0x00007ff9e5722000 	C:\WINDOWS\SYSTEM32\DNSAPI.dll
0x00007ff9e55b0000 - 0x00007ff9e55dd000 	C:\WINDOWS\SYSTEM32\IPHLPAPI.DLL
0x00007ff9e8560000 - 0x00007ff9e8569000 	C:\WINDOWS\System32\NSI.dll
0x00007ff9daaf0000 - 0x00007ff9daafa000 	C:\Windows\System32\rasadhlp.dll
0x00007ff9db920000 - 0x00007ff9db9a3000 	C:\WINDOWS\System32\fwpuclnt.dll
0x00007ff9da350000 - 0x00007ff9da35a000 	C:\Program Files\Java\jdk-21\bin\management.dll
0x00007ff9d6b00000 - 0x00007ff9d6b0b000 	C:\Program Files\Java\jdk-21\bin\management_ext.dll
0x00007ff9e8370000 - 0x00007ff9e8378000 	C:\WINDOWS\System32\PSAPI.DLL
0x00007ff9e6280000 - 0x00007ff9e629b000 	C:\WINDOWS\SYSTEM32\CRYPTSP.dll
0x00007ff9e5b30000 - 0x00007ff9e5b65000 	C:\WINDOWS\system32\rsaenh.dll
0x00007ff9e6120000 - 0x00007ff9e6148000 	C:\WINDOWS\SYSTEM32\USERENV.dll
0x00007ff9e62a0000 - 0x00007ff9e62ac000 	C:\WINDOWS\SYSTEM32\CRYPTBASE.dll
0x00007ff9b7550000 - 0x00007ff9b7567000 	C:\WINDOWS\system32\napinsp.dll
0x00007ff9b5f30000 - 0x00007ff9b5f4b000 	C:\WINDOWS\system32\pnrpnsp.dll
0x00007ff9b5720000 - 0x00007ff9b5731000 	C:\WINDOWS\System32\winrnr.dll
0x00007ff9dc4b0000 - 0x00007ff9dc4c5000 	C:\WINDOWS\system32\wshbth.dll
0x00007ff9b56f0000 - 0x00007ff9b5717000 	C:\WINDOWS\system32\nlansp_c.dll
0x00007ff9d66f0000 - 0x00007ff9d66fe000 	C:\Program Files\Java\jdk-21\bin\sunmscapi.dll
0x00007ff9e7280000 - 0x00007ff9e73e6000 	C:\WINDOWS\System32\CRYPT32.dll
0x00007ff9e6420000 - 0x00007ff9e644d000 	C:\WINDOWS\SYSTEM32\ncrypt.dll
0x00007ff9e63e0000 - 0x00007ff9e6417000 	C:\WINDOWS\SYSTEM32\NTASN1.dll
0x000001c729c60000 - 0x000001c729c63000 	C:\Users\ACER\.openjfx\cache\17.0.1\api-ms-win-core-console-l1-1-0.dll
0x000001c73bdd0000 - 0x000001c73bdd3000 	C:\Users\ACER\.openjfx\cache\17.0.1\api-ms-win-core-console-l1-2-0.dll
0x000001c73bde0000 - 0x000001c73bde3000 	C:\Users\ACER\.openjfx\cache\17.0.1\api-ms-win-core-datetime-l1-1-0.dll
0x000001c73bdf0000 - 0x000001c73bdf3000 	C:\Users\ACER\.openjfx\cache\17.0.1\api-ms-win-core-debug-l1-1-0.dll
0x000001c73be00000 - 0x000001c73be03000 	C:\Users\ACER\.openjfx\cache\17.0.1\api-ms-win-core-errorhandling-l1-1-0.dll
0x000001c73be10000 - 0x000001c73be14000 	C:\Users\ACER\.openjfx\cache\17.0.1\api-ms-win-core-file-l1-1-0.dll
0x000001c73be20000 - 0x000001c73be23000 	C:\Users\ACER\.openjfx\cache\17.0.1\api-ms-win-core-file-l1-2-0.dll
0x000001c73be30000 - 0x000001c73be33000 	C:\Users\ACER\.openjfx\cache\17.0.1\api-ms-win-core-file-l2-1-0.dll
0x000001c73be40000 - 0x000001c73be43000 	C:\Users\ACER\.openjfx\cache\17.0.1\api-ms-win-core-handle-l1-1-0.dll
0x000001c73be50000 - 0x000001c73be53000 	C:\Users\ACER\.openjfx\cache\17.0.1\api-ms-win-core-heap-l1-1-0.dll
0x000001c73be60000 - 0x000001c73be63000 	C:\Users\ACER\.openjfx\cache\17.0.1\api-ms-win-core-interlocked-l1-1-0.dll
0x000001c73be70000 - 0x000001c73be73000 	C:\Users\ACER\.openjfx\cache\17.0.1\api-ms-win-core-libraryloader-l1-1-0.dll
0x000001c73be80000 - 0x000001c73be83000 	C:\Users\ACER\.openjfx\cache\17.0.1\api-ms-win-core-localization-l1-2-0.dll
0x000001c73be90000 - 0x000001c73be93000 	C:\Users\ACER\.openjfx\cache\17.0.1\api-ms-win-core-memory-l1-1-0.dll
0x000001c73bea0000 - 0x000001c73bea3000 	C:\Users\ACER\.openjfx\cache\17.0.1\api-ms-win-core-namedpipe-l1-1-0.dll
0x000001c73beb0000 - 0x000001c73beb3000 	C:\Users\ACER\.openjfx\cache\17.0.1\api-ms-win-core-processenvironment-l1-1-0.dll
0x000001c73bec0000 - 0x000001c73bec3000 	C:\Users\ACER\.openjfx\cache\17.0.1\api-ms-win-core-processthreads-l1-1-0.dll
0x000001c73bed0000 - 0x000001c73bed3000 	C:\Users\ACER\.openjfx\cache\17.0.1\api-ms-win-core-processthreads-l1-1-1.dll
0x000001c73bee0000 - 0x000001c73bee3000 	C:\Users\ACER\.openjfx\cache\17.0.1\api-ms-win-core-profile-l1-1-0.dll
0x000001c73bef0000 - 0x000001c73bef3000 	C:\Users\ACER\.openjfx\cache\17.0.1\api-ms-win-core-rtlsupport-l1-1-0.dll
0x000001c73bf00000 - 0x000001c73bf03000 	C:\Users\ACER\.openjfx\cache\17.0.1\api-ms-win-core-string-l1-1-0.dll
0x000001c73bf10000 - 0x000001c73bf13000 	C:\Users\ACER\.openjfx\cache\17.0.1\api-ms-win-core-synch-l1-1-0.dll
0x000001c73bf20000 - 0x000001c73bf23000 	C:\Users\ACER\.openjfx\cache\17.0.1\api-ms-win-core-synch-l1-2-0.dll
0x000001c73bf30000 - 0x000001c73bf33000 	C:\Users\ACER\.openjfx\cache\17.0.1\api-ms-win-core-sysinfo-l1-1-0.dll
0x000001c73bf40000 - 0x000001c73bf43000 	C:\Users\ACER\.openjfx\cache\17.0.1\api-ms-win-core-timezone-l1-1-0.dll
0x000001c73bf50000 - 0x000001c73bf53000 	C:\Users\ACER\.openjfx\cache\17.0.1\api-ms-win-core-util-l1-1-0.dll
0x000001c73bf60000 - 0x000001c73bf63000 	C:\Users\ACER\.openjfx\cache\17.0.1\api-ms-win-crt-conio-l1-1-0.dll
0x000001c73bf70000 - 0x000001c73bf74000 	C:\Users\ACER\.openjfx\cache\17.0.1\api-ms-win-crt-convert-l1-1-0.dll
0x000001c73bf80000 - 0x000001c73bf83000 	C:\Users\ACER\.openjfx\cache\17.0.1\api-ms-win-crt-environment-l1-1-0.dll
0x000001c73bf90000 - 0x000001c73bf93000 	C:\Users\ACER\.openjfx\cache\17.0.1\api-ms-win-crt-filesystem-l1-1-0.dll
0x000001c73bfa0000 - 0x000001c73bfa3000 	C:\Users\ACER\.openjfx\cache\17.0.1\api-ms-win-crt-heap-l1-1-0.dll
0x000001c73bfb0000 - 0x000001c73bfb3000 	C:\Users\ACER\.openjfx\cache\17.0.1\api-ms-win-crt-locale-l1-1-0.dll
0x000001c73bfc0000 - 0x000001c73bfc5000 	C:\Users\ACER\.openjfx\cache\17.0.1\api-ms-win-crt-math-l1-1-0.dll
0x000001c73bfd0000 - 0x000001c73bfd5000 	C:\Users\ACER\.openjfx\cache\17.0.1\api-ms-win-crt-multibyte-l1-1-0.dll
0x000001c73bfe0000 - 0x000001c73bff0000 	C:\Users\ACER\.openjfx\cache\17.0.1\api-ms-win-crt-private-l1-1-0.dll
0x000001c73bff0000 - 0x000001c73bff3000 	C:\Users\ACER\.openjfx\cache\17.0.1\api-ms-win-crt-process-l1-1-0.dll
0x000001c77e7d0000 - 0x000001c77e7d4000 	C:\Users\ACER\.openjfx\cache\17.0.1\api-ms-win-crt-runtime-l1-1-0.dll
0x000001c77e7e0000 - 0x000001c77e7e4000 	C:\Users\ACER\.openjfx\cache\17.0.1\api-ms-win-crt-stdio-l1-1-0.dll
0x000001c77e7f0000 - 0x000001c77e7f4000 	C:\Users\ACER\.openjfx\cache\17.0.1\api-ms-win-crt-string-l1-1-0.dll
0x000001c77e800000 - 0x000001c77e803000 	C:\Users\ACER\.openjfx\cache\17.0.1\api-ms-win-crt-time-l1-1-0.dll
0x000001c77e810000 - 0x000001c77e813000 	C:\Users\ACER\.openjfx\cache\17.0.1\api-ms-win-crt-utility-l1-1-0.dll
0x00007ff996ba0000 - 0x00007ff996c9c000 	C:\Users\ACER\.openjfx\cache\17.0.1\ucrtbase.dll
0x00007ff9d6ae0000 - 0x00007ff9d6afa000 	C:\Users\ACER\.openjfx\cache\17.0.1\vcruntime140.dll
0x00007ff9ded20000 - 0x00007ff9ded2c000 	C:\Users\ACER\.openjfx\cache\17.0.1\vcruntime140_1.dll
0x00007ff998780000 - 0x00007ff99880d000 	C:\Users\ACER\.openjfx\cache\17.0.1\msvcp140.dll
0x00007ff9c6f30000 - 0x00007ff9c6f5a000 	C:\Users\ACER\.openjfx\cache\17.0.1\prism_d3d.dll
0x00007ff9d7100000 - 0x00007ff9d72a8000 	C:\WINDOWS\system32\d3d9.dll
0x00007ff9e1110000 - 0x00007ff9e113b000 	C:\WINDOWS\SYSTEM32\dwmapi.dll
0x00007ff9e3d30000 - 0x00007ff9e3d67000 	C:\WINDOWS\SYSTEM32\dxcore.dll
0x00007ff9e0eb0000 - 0x00007ff9e0f61000 	C:\WINDOWS\system32\uxtheme.dll
0x00007ff953950000 - 0x00007ff953a00000 	C:\WINDOWS\SYSTEM32\d3d9on12.dll
0x00007ff9e1000000 - 0x00007ff9e10f7000 	C:\WINDOWS\SYSTEM32\dxgi.dll
0x00007ff9a39a0000 - 0x00007ff9a39c6000 	C:\WINDOWS\SYSTEM32\d3d12.dll
0x00007ff9e6740000 - 0x00007ff9e678e000 	C:\WINDOWS\SYSTEM32\cfgmgr32.dll
0x00007ff9395d0000 - 0x00007ff9397d2000 	C:\WINDOWS\SYSTEM32\D3D12Core.dll
0x00007ff9525e0000 - 0x00007ff9526d3000 	C:\WINDOWS\System32\DriverStore\FileRepository\iigd_dch.inf_amd64_5abe29f3c0d0da38\igd12umd64.dll
0x00007ff9384e0000 - 0x00007ff9395c9000 	C:\WINDOWS\System32\DriverStore\FileRepository\iigd_dch.inf_amd64_5abe29f3c0d0da38\igd12um64xel.dll
0x00007ff9e74b0000 - 0x00007ff9e7655000 	C:\WINDOWS\System32\ole32.dll

dbghelp: loaded successfully - version: 4.0.5 - missing functions: none
symbol engine: initialized successfully - sym options: 0x614 - pdb path: .;C:\Program Files\Java\jdk-21\bin;C:\WINDOWS\SYSTEM32;C:\WINDOWS\WinSxS\amd64_microsoft.windows.common-controls_6595b64144ccf1df_6.0.22621.4541_none_2710d1c57384c085;C:\Program Files\Java\jdk-21\bin\server;C:\Program Files\JetBrains\IntelliJ IDEA 2024.2.1\bin;C:\Users\ACER\.openjfx\cache\17.0.1;C:\WINDOWS\System32\DriverStore\FileRepository\iigd_dch.inf_amd64_5abe29f3c0d0da38;C:\Program Files\Password Door;D:\webjava\opencv\build\java\x64;C:\Program Files\Common Files\Microsoft Shared\Ink

VM Arguments:
jvm_args: -Djava.awt.headless=false -Djava.library.path=D:\webjava\opencv\build\java\x64 -XX:TieredStopAtLevel=1 -Dspring.output.ansi.enabled=always -Dcom.sun.management.jmxremote -Dspring.jmx.enabled=true -Dspring.liveBeansView.mbeanDomain -Dspring.application.admin.enabled=true -Dmanagement.endpoints.jmx.exposure.include=* -javaagent:C:\Program Files\JetBrains\IntelliJ IDEA 2024.2.1\lib\idea_rt.jar=56997:C:\Program Files\JetBrains\IntelliJ IDEA 2024.2.1\bin -Dfile.encoding=UTF-8 -Dsun.stdout.encoding=UTF-8 -Dsun.stderr.encoding=UTF-8 
java_command: com.client.liveowl.LiveowlApplication
java_class_path (initial): D:\PBL4\LiveOwlClient\target\classes;C:\Users\ACER\.m2\repository\org\springframework\boot\spring-boot-starter\3.3.3\spring-boot-starter-3.3.3.jar;C:\Users\ACER\.m2\repository\org\springframework\boot\spring-boot\3.3.3\spring-boot-3.3.3.jar;C:\Users\ACER\.m2\repository\org\springframework\spring-context\6.1.12\spring-context-6.1.12.jar;C:\Users\ACER\.m2\repository\org\springframework\boot\spring-boot-autoconfigure\3.3.3\spring-boot-autoconfigure-3.3.3.jar;C:\Users\ACER\.m2\repository\org\springframework\boot\spring-boot-starter-logging\3.3.3\spring-boot-starter-logging-3.3.3.jar;C:\Users\ACER\.m2\repository\ch\qos\logback\logback-classic\1.5.7\logback-classic-1.5.7.jar;C:\Users\ACER\.m2\repository\ch\qos\logback\logback-core\1.5.7\logback-core-1.5.7.jar;C:\Users\ACER\.m2\repository\org\apache\logging\log4j\log4j-to-slf4j\2.23.1\log4j-to-slf4j-2.23.1.jar;C:\Users\ACER\.m2\repository\org\apache\logging\log4j\log4j-api\2.23.1\log4j-api-2.23.1.jar;C:\Users\ACER\.m2\repository\org\slf4j\jul-to-slf4j\2.0.16\jul-to-slf4j-2.0.16.jar;C:\Users\ACER\.m2\repository\jakarta\annotation\jakarta.annotation-api\2.1.1\jakarta.annotation-api-2.1.1.jar;C:\Users\ACER\.m2\repository\org\springframework\spring-core\6.1.12\spring-core-6.1.12.jar;C:\Users\ACER\.m2\repository\org\springframework\spring-jcl\6.1.12\spring-jcl-6.1.12.jar;C:\Users\ACER\.m2\repository\org\yaml\snakeyaml\2.2\snakeyaml-2.2.jar;C:\Users\ACER\.m2\repository\org\springframework\boot\spring-boot-starter-security\3.3.3\spring-boot-starter-security-3.3.3.jar;C:\Users\ACER\.m2\repository\org\springframework\spring-aop\6.1.12\spring-aop-6.1.12.jar;C:\Users\ACER\.m2\repository\org\springframework\spring-beans\6.1.12\spring-beans-6.1.12.jar;C:\Users\ACER\.m2\repository\org\springframework\security\spring-security-config\6.3.3\spring-security-config-6.3.3.jar;C:\Users\ACER\.m2\repository\org\springframework\security\spring-security-core\6.3.3\spring-security-core-6.3.3.jar;C:\Users\ACER\.m2\repository\org\springframework\security\spring-security-crypto\6.3.3\spring-security-crypto-6.3.3.jar;C:\Users\ACER\.m2\repository\org\springframework\security\spring-security-web\6.3.3\spring-security-web-6.3.3.jar;C:\Users\ACER\.m2\repository\org\springframework\spring-expression\6.1.12\spring-expression-6.1.12.jar;C:\Users\ACER\.m2\repository\org\springframework\boot\spring-boot-starter-web\3.3.3\spring-boot-starter-web-3.3.3.jar;C:\Users\ACER\.m2\repository\org\springframework\boot\spring-boot-starter-json\3.3.3\spring-boot-starter-json-3.3.3.jar;C:\Users\ACER\.m2\repository\com\fasterxml\jackson\datatype\jackson-datatype-jdk8\2.17.2\jackson-datatype-jdk8-2.17.2.jar;C:\Users\ACER\.m2\repository\com\fasterxml\jackson\module\jackson-module-parameter-names\2.17.2\jackson-module-parameter-names-2.17.2.jar;C:\Users\ACER\.m2\repository\org\springframework\boot\spring-boot-starter-tomcat\3.3.3\spring-boot-starter-tomcat-3.3.3.jar;C:\Users\ACER\.m2\repository\org\apache\tomcat\embed\tomcat-embed-core\10.1.28\tomcat-embed-core-10.1.28.jar;C:\Users\ACER\.m2\repository\org\apache\tomcat\embed\tomcat-embed-el\10.1.28\tomcat-embed-el-10.1.28.jar;C:\Users\ACER\.m2\repository\org\apache\tomcat\embed\tomcat-embed-websocket\10.1.28\tomcat-embed-websocket-10.1.28.jar;C:\Users\ACER\.m2\repository\org\springframework\spring-web\6.1.12\spring-web-6.1.12.jar;C:\Users\ACER\.m2\repository\io\micrometer\micrometer-observation\1.13.3\micrometer-observation-1.13.3.jar;C:\Users\ACER\.m2\repository\io\micrometer\micrometer-commons\1.13.3\micrometer-commons-1.13.3.jar;C:\Users\ACER\.m2\repository\org\springframework\spring-webmvc\6.1.12\spring-webmvc-6.1.12.jar;C:\Users\ACER\.m2\repository\org\projectlombok\lombok\1.18.34\lombok-1.18.34.jar;C:\Users\ACER\.m2\repository\org\bytedeco\opencv\4.10.0-1.5.11\opencv-4.10.0-1.5.11.jar;C:\Users\ACER\.m2\repository\org\bytedeco\openblas\0.3.28-1.5.11\openblas-0.3.28-1.5.11.jar;C:\Users\ACER\.m2\repository\org\bytedeco\javacpp\1.5.11\javacpp-1.5.11.jar;C:\Users\ACER\.m2\repository\org\openjfx\javafx-controls\17.0.1\javafx-controls-17.0.1.jar;C:\Users\ACER\.m2\repository\org\openjfx\javafx-controls\17.0.1\javafx-controls-17.0.1-win.jar;C:\Users\ACER\.m2\repository\org\openjfx\javafx-fxml\17.0.1\javafx-fxml-17.0.1.jar;C:\Users\ACER\.m2\repository\org\openjfx\javafx-fxml\17.0.1\javafx-fxml-17.0.1-win.jar;C:\Users\ACER\.m2\repository\org\openjfx\javafx-media\17.0.1\javafx-media-17.0.1.jar;C:\Users\ACER\.m2\repository\org\openjfx\javafx-media\17.0.1\javafx-media-17.0.1-win.jar;C:\Users\ACER\.m2\repository\org\openjfx\javafx-base\17.0.1\javafx-base-17.0.1.jar;C:\Users\ACER\.m2\repository\org\openjfx\javafx-base\17.0.1\javafx-base-17.0.1-win.jar;C:\Users\ACER\.m2\repository\org\openjfx\javafx-graphics\17.0.1\javafx-graphics-17.0.1.jar;C:\Users\ACER\.m2\repository\org\openjfx\javafx-graphics\17.0.1\javafx-graphics-17.0.1-win.jar;C:\Users\ACER\.m2\repository\com\jfoenix\jfoenix\9.0.10\jfoenix-9.0.10.jar;C:\Users\ACER\.m2\repository\org\apache\httpcomponents\httpclient\4.5.13\httpclient-4.5.13.jar;C:\Users\ACER\.m2\repository\org\apache\httpcomponents\httpcore\4.4.16\httpcore-4.4.16.jar;C:\Users\ACER\.m2\repository\commons-logging\commons-logging\1.2\commons-logging-1.2.jar;C:\Users\ACER\.m2\repository\commons-codec\commons-codec\1.16.1\commons-codec-1.16.1.jar;C:\Users\ACER\.m2\repository\com\fasterxml\jackson\core\jackson-annotations\2.17.2\jackson-annotations-2.17.2.jar;C:\Users\ACER\.m2\repository\com\fasterxml\jackson\core\jackson-core\2.17.2\jackson-core-2.17.2.jar;C:\Users\ACER\.m2\repository\com\fasterxml\jackson\core\jackson-databind\2.17.2\jackson-databind-2.17.2.jar;C:\Users\ACER\.m2\repository\org\apache\httpcomponents\client5\httpclient5\5.3.1\httpclient5-5.3.1.jar;C:\Users\ACER\.m2\repository\org\apache\httpcomponents\core5\httpcore5\5.2.5\httpcore5-5.2.5.jar;C:\Users\ACER\.m2\repository\org\apache\httpcomponents\core5\httpcore5-h2\5.2.5\httpcore5-h2-5.2.5.jar;C:\Users\ACER\.m2\repository\org\slf4j\slf4j-api\2.0.16\slf4j-api-2.0.16.jar;C:\Users\ACER\.m2\repository\com\vaadin\external\google\android-json\0.0.20131108.vaadin1\android-json-0.0.20131108.vaadin1.jar;C:\Users\ACER\.m2\repository\de\jensd\fontawesomefx\8.6\fontawesomefx-8.6.jar;C:\Users\ACER\.m2\repository\com\github\jiconfont\jiconfont-javafx\1.0.0\jiconfont-javafx-1.0.0.jar;C:\Users\ACER\.m2\repository\com\github\jiconfont\jiconfont\1.0.0\jiconfont-1.0.0.jar;C:\Users\ACER\.m2\repository\com\github\jiconfont\jiconfont-google_material_design_icons\2.2.0.2\jiconfont-google_material_design_icons-2.2.0.2.jar;C:\Users\ACER\.m2\repository\com\github\jiconfont\jiconfont-font_awesome\4.7.0.1\jiconfont-font_awesome-4.7.0.1.jar;C:\Users\ACER\.m2\repository\commons-io\commons-io\2.11.0\commons-io-2.11.0.jar;C:\Users\ACER\.m2\repository\com\github\kwhat\jnativehook\2.2.2\jnativehook-2.2.2.jar;C:\Users\ACER\.m2\repository\commons-net\commons-net\3.8.0\commons-net-3.8.0.jar;C:\Users\ACER\.m2\repository\com\fasterxml\jackson\datatype\jackson-datatype-jsr310\2.13.0\jackson-datatype-jsr310-2.13.0.jar;D:\webjava\opencv\build\java\opencv-4100.jar
Launcher Type: SUN_STANDARD

[Global flags]
     intx CICompilerCount                          = 12                                        {product} {ergonomic}
     uint ConcGCThreads                            = 4                                         {product} {ergonomic}
     uint G1ConcRefinementThreads                  = 15                                        {product} {ergonomic}
   size_t G1HeapRegionSize                         = 1048576                                   {product} {ergonomic}
    uintx GCDrainStackTargetSize                   = 64                                        {product} {ergonomic}
   size_t InitialHeapSize                          = 130023424                                 {product} {ergonomic}
     bool ManagementServer                         = true                                      {product} {command line}
   size_t MarkStackSize                            = 4194304                                   {product} {ergonomic}
   size_t MaxHeapSize                              = 2071986176                                {product} {ergonomic}
   size_t MaxNewSize                               = 1242562560                                {product} {ergonomic}
   size_t MinHeapDeltaBytes                        = 1048576                                   {product} {ergonomic}
   size_t MinHeapSize                              = 8388608                                   {product} {ergonomic}
    uintx NonNMethodCodeHeapSize                   = 4096                                   {pd product} {ergonomic}
    uintx NonProfiledCodeHeapSize                  = 0                                      {pd product} {ergonomic}
     bool ProfileInterpreter                       = false                                  {pd product} {command line}
    uintx ProfiledCodeHeapSize                     = 0                                      {pd product} {ergonomic}
   size_t SoftMaxHeapSize                          = 2071986176                             {manageable} {ergonomic}
     intx TieredStopAtLevel                        = 1                                         {product} {command line}
     bool UseCompressedOops                        = true                           {product lp64_product} {ergonomic}
     bool UseG1GC                                  = true                                      {product} {ergonomic}
     bool UseLargePagesIndividualAllocation        = false                                  {pd product} {ergonomic}

Logging:
Log output configuration:
 #0: stdout all=warning uptime,level,tags foldmultilines=false
 #1: stderr all=off uptime,level,tags foldmultilines=false

Environment Variables:
PATH=D:\LT_Mang\transcriptvideo\ffmpeg-7.1-essentials_build\bin;C:\Program Files\Java\jdk-21\bin;C:\Program Files\Common Files\Oracle\Java\javapath;C:\Windows\system32;C:\Windows;C:\Windows\System32\Wbem;C:\Windows\System32\WindowsPowerShell\v1.0\;C:\Windows\System32\OpenSSH\;C:\Program Files (x86)\NVIDIA Corporation\PhysX\Common;C:\Program Files\NVIDIA Corporation\NVIDIA NvDLISR;C:\WINDOWS\system32;C:\WINDOWS;C:\WINDOWS\System32\Wbem;C:\WINDOWS\System32\WindowsPowerShell\v1.0\;C:\WINDOWS\System32\OpenSSH\;C:\Program Files\Cloudflare\Cloudflare WARP\;C:\msys64\mingw64\bin;E:\Git\cmd;C:\Program Files\Azure Data Studio\bin;C:\Program Files (x86)\Microsoft SQL Server\160\Tools\Binn\;C:\Program Files\Microsoft SQL Server\160\Tools\Binn\;C:\Program Files\Microsoft SQL Server\Client SDK\ODBC\170\Tools\Binn\;C:\Program Files\Microsoft SQL Server\160\DTS\Binn\;C:\Program Files\dotnet\;C:\Program Files (x86)\Microsoft SQL Server\160\DTS\Binn\;C:\Program Files\nodejs\;C:\Program Files\Microsoft SQL Server\150\Tools\Binn\;C:\Program Files\CMake\bin;C:\Users\ACER\Downloads\ninja-win;D:\LT_Mang\transcriptvideo\ffmpeg-7.1-essentials_build\bin;C:\Users\ACER\AppData\Local\Programs\Python\Python312\Scripts\;C:\Users\ACER\AppData\Local\Programs\Python\Python312\;C:\Users\ACER\AppData\Local\Programs\Python\Python311\Scripts\;C:\Users\ACER\AppData\Local\Programs\Python\Python311\;C:\Users\ACER\AppData\Local\Microsoft\WindowsApps;C:\Users\ACER\AppData\Local\Programs\Microsoft VS Code\bin;C:\msys64\mingw64\bin;C:\Program Files\Azure Data Studio\bin;C:\Users\ACER\.dotnet\tools;C:\Users\ACER\AppData\Roaming\npm;C:\Users\ACER\OneDrive - The University of Technology\PyCharm 2024.2\bin;;C:\Program Files\JetBrains\PyCharm Community Edition 2024.2\bin;;
USERNAME=ACER
OS=Windows_NT
PROCESSOR_IDENTIFIER=Intel64 Family 6 Model 154 Stepping 3, GenuineIntel
TMP=C:\Users\ACER\AppData\Local\Temp
TEMP=C:\Users\ACER\AppData\Local\Temp




Periodic native trim disabled

---------------  S Y S T E M  ---------------

OS:
 Windows 11 , 64 bit Build 22621 (10.0.22621.4391)
OS uptime: 0 days 23:35 hours

CPU: total 20 (initial active 20) (10 cores per cpu, 2 threads per core) family 6 model 154 stepping 3 microcode 0x420, cx8, cmov, fxsr, ht, mmx, 3dnowpref, sse, sse2, sse3, ssse3, sse4.1, sse4.2, popcnt, lzcnt, tsc, tscinvbit, avx, avx2, aes, erms, clmul, bmi1, bmi2, adx, sha, fma, vzeroupper, clflush, clflushopt, clwb, serialize, rdtscp, rdpid, fsrm, f16c, pku, cet_ibt, cet_ss
Processor Information for processor 0
  Max Mhz: 2700, Current Mhz: 2700, Mhz Limit: 2700
Processor Information for processor 1
  Max Mhz: 2700, Current Mhz: 2700, Mhz Limit: 2700
Processor Information for processor 2
  Max Mhz: 2700, Current Mhz: 1489, Mhz Limit: 2700
Processor Information for processor 3
  Max Mhz: 2700, Current Mhz: 2700, Mhz Limit: 2700
Processor Information for processor 4
  Max Mhz: 2700, Current Mhz: 2700, Mhz Limit: 2700
Processor Information for processor 5
  Max Mhz: 2700, Current Mhz: 2700, Mhz Limit: 2700
Processor Information for processor 6
  Max Mhz: 2700, Current Mhz: 2700, Mhz Limit: 2700
Processor Information for processor 7
  Max Mhz: 2700, Current Mhz: 2700, Mhz Limit: 2700
Processor Information for processor 8
  Max Mhz: 2700, Current Mhz: 2700, Mhz Limit: 2700
Processor Information for processor 9
  Max Mhz: 2700, Current Mhz: 2700, Mhz Limit: 2700
Processor Information for processor 10
  Max Mhz: 2700, Current Mhz: 2700, Mhz Limit: 2700
Processor Information for processor 11
  Max Mhz: 2700, Current Mhz: 2700, Mhz Limit: 2700
Processor Information for processor 12
  Max Mhz: 2700, Current Mhz: 1526, Mhz Limit: 1971
Processor Information for processor 13
  Max Mhz: 2700, Current Mhz: 1995, Mhz Limit: 1971
Processor Information for processor 14
  Max Mhz: 2700, Current Mhz: 1995, Mhz Limit: 1971
Processor Information for processor 15
  Max Mhz: 2700, Current Mhz: 1995, Mhz Limit: 1971
Processor Information for processor 16
  Max Mhz: 2700, Current Mhz: 1995, Mhz Limit: 1971
Processor Information for processor 17
  Max Mhz: 2700, Current Mhz: 1995, Mhz Limit: 1971
Processor Information for processor 18
  Max Mhz: 2700, Current Mhz: 1995, Mhz Limit: 1971
Processor Information for processor 19
  Max Mhz: 2700, Current Mhz: 1526, Mhz Limit: 1971

Memory: 4k page, system-wide physical 7896M (526M free)
TotalPageFile size 22998M (AvailPageFile size 4M)
current process WorkingSet (physical memory assigned to process): 345M, peak: 345M
current process commit charge ("private bytes"): 412M, peak: 413M

vm_info: Java HotSpot(TM) 64-Bit Server VM (21.0.2+13-LTS-58) for windows-amd64 JRE (21.0.2+13-LTS-58), built on 2024-01-05T18:32:24Z by "mach5one" with MS VC++ 17.1 (VS2022)

END.
